0 verbose cli /usr/local/bin/node /opt/homebrew/opt/node@20/bin/npm
1 info using npm@10.8.2
2 info using node@v20.18.0
3 silly config load:file:/opt/homebrew/Cellar/node@20/20.19.5/lib/node_modules/npm/npmrc
4 silly config load:file:/Users/a58/VSCODE/vscode/server/newma-ai-backend/.npmrc
5 silly config load:file:/Users/a58/.npmrc
6 silly config load:file:/opt/homebrew/etc/npmrc
7 verbose title npm install
8 verbose argv "install" "--no-audit" "--no-fund"
9 verbose logfile logs-max:10 dir:/Users/a58/VSCODE/vscode/server/newma-ai-backend/.npm-cache/_logs/2025-10-22T08_21_27_758Z-
10 verbose logfile /Users/a58/VSCODE/vscode/server/newma-ai-backend/.npm-cache/_logs/2025-10-22T08_21_27_758Z-debug-0.log
11 silly packumentCache heap:4345298944 maxSize:1086324736 maxEntrySize:543162368
12 silly logfile done cleaning log files
13 silly idealTree buildDeps
14 silly fetch manifest express@^4.19.2
15 silly packumentCache full:https://registry.npmjs.org/express cache-miss
16 http fetch GET 200 https://registry.npmjs.org/express 833ms (cache miss)
17 silly packumentCache full:https://registry.npmjs.org/express set size:undefined disposed:false
18 silly fetch manifest cors@^2.8.5
19 silly packumentCache full:https://registry.npmjs.org/cors cache-miss
20 http fetch GET 200 https://registry.npmjs.org/cors 162ms (cache miss)
21 silly packumentCache full:https://registry.npmjs.org/cors set size:undefined disposed:false
22 silly fetch manifest morgan@^1.10.0
23 silly packumentCache full:https://registry.npmjs.org/morgan cache-miss
24 http fetch GET 200 https://registry.npmjs.org/npm 1054ms
25 http fetch GET 200 https://registry.npmjs.org/morgan 189ms (cache miss)
26 silly packumentCache full:https://registry.npmjs.org/morgan set size:undefined disposed:false
27 silly fetch manifest typescript@~5.4.5
28 silly packumentCache full:https://registry.npmjs.org/typescript cache-miss
29 http fetch GET 200 https://registry.npmjs.org/typescript 516ms (cache miss)
30 silly packumentCache full:https://registry.npmjs.org/typescript set size:undefined disposed:false
31 silly fetch manifest ts-node@^10.9.2
32 silly packumentCache full:https://registry.npmjs.org/ts-node cache-miss
33 http fetch GET 200 https://registry.npmjs.org/ts-node 253ms (cache miss)
34 silly packumentCache full:https://registry.npmjs.org/ts-node set size:undefined disposed:false
35 silly fetch manifest @swc/core@>=1.2.50
36 silly packumentCache full:https://registry.npmjs.org/@swc%2fcore cache-miss
37 http fetch GET 200 https://registry.npmjs.org/@swc%2fcore 255ms (cache miss)
38 silly packumentCache full:https://registry.npmjs.org/@swc%2fcore set size:undefined disposed:false
39 silly fetch manifest @swc/helpers@>=0.5.17
40 silly packumentCache full:https://registry.npmjs.org/@swc%2fhelpers cache-miss
41 http fetch GET 200 https://registry.npmjs.org/@swc%2fhelpers 230ms (cache miss)
42 silly packumentCache full:https://registry.npmjs.org/@swc%2fhelpers set size:undefined disposed:false
43 silly fetch manifest @swc/wasm@>=1.2.50
44 silly packumentCache full:https://registry.npmjs.org/@swc%2fwasm cache-miss
45 http fetch GET 200 https://registry.npmjs.org/@swc%2fwasm 221ms (cache miss)
46 silly packumentCache full:https://registry.npmjs.org/@swc%2fwasm set size:undefined disposed:false
47 silly fetch manifest @types/node@^20.11.30
48 silly packumentCache full:https://registry.npmjs.org/@types%2fnode cache-miss
49 http fetch GET 200 https://registry.npmjs.org/@types%2fnode 739ms (cache miss)
50 silly packumentCache full:https://registry.npmjs.org/@types%2fnode set size:undefined disposed:false
51 silly fetch manifest @types/express@^4.17.21
52 silly packumentCache full:https://registry.npmjs.org/@types%2fexpress cache-miss
53 http fetch GET 200 https://registry.npmjs.org/@types%2fexpress 189ms (cache miss)
54 silly packumentCache full:https://registry.npmjs.org/@types%2fexpress set size:undefined disposed:false
55 silly fetch manifest @types/cors@^2.8.17
56 silly packumentCache full:https://registry.npmjs.org/@types%2fcors cache-miss
57 http fetch GET 200 https://registry.npmjs.org/@types%2fcors 189ms (cache miss)
58 silly packumentCache full:https://registry.npmjs.org/@types%2fcors set size:undefined disposed:false
59 silly fetch manifest @types/morgan@^1.9.7
60 silly packumentCache full:https://registry.npmjs.org/@types%2fmorgan cache-miss
61 http fetch GET 200 https://registry.npmjs.org/@types%2fmorgan 220ms (cache miss)
62 silly packumentCache full:https://registry.npmjs.org/@types%2fmorgan set size:undefined disposed:false
63 silly placeDep ROOT @types/cors@2.8.19 OK for: newma-ai-backend@0.1.0 want: ^2.8.17
64 silly placeDep ROOT @types/express@4.17.23 OK for: newma-ai-backend@0.1.0 want: ^4.17.21
65 silly placeDep ROOT @types/morgan@1.9.10 OK for: newma-ai-backend@0.1.0 want: ^1.9.7
66 silly placeDep ROOT @types/node@20.19.23 OK for: newma-ai-backend@0.1.0 want: ^20.11.30
67 silly placeDep ROOT cors@2.8.5 OK for: newma-ai-backend@0.1.0 want: ^2.8.5
68 silly placeDep ROOT express@4.21.2 OK for: newma-ai-backend@0.1.0 want: ^4.19.2
69 silly placeDep ROOT morgan@1.10.1 OK for: newma-ai-backend@0.1.0 want: ^1.10.0
70 silly placeDep ROOT ts-node@10.9.2 OK for: newma-ai-backend@0.1.0 want: ^10.9.2
71 silly placeDep ROOT typescript@5.4.5 OK for: ts-node@10.9.2 want: >=2.7
72 silly fetch manifest @types/node@*
73 silly packumentCache full:https://registry.npmjs.org/@types%2fnode cache-miss
74 silly fetch manifest @types/qs@*
75 silly packumentCache full:https://registry.npmjs.org/@types%2fqs cache-miss
76 silly fetch manifest @types/body-parser@*
77 silly packumentCache full:https://registry.npmjs.org/@types%2fbody-parser cache-miss
78 silly fetch manifest @types/serve-static@*
79 silly packumentCache full:https://registry.npmjs.org/@types%2fserve-static cache-miss
80 silly fetch manifest @types/express-serve-static-core@^4.17.33
81 silly packumentCache full:https://registry.npmjs.org/@types%2fexpress-serve-static-core cache-miss
82 silly fetch manifest @types/node@*
83 silly packumentCache full:https://registry.npmjs.org/@types%2fnode cache-miss
84 silly fetch manifest undici-types@~6.21.0
85 silly packumentCache full:https://registry.npmjs.org/undici-types cache-miss
86 http fetch GET 200 https://registry.npmjs.org/@types%2fnode 36ms (cache hit)
87 silly packumentCache full:https://registry.npmjs.org/@types%2fnode set size:10665074 disposed:false
88 silly fetch manifest vary@^1
89 silly packumentCache full:https://registry.npmjs.org/vary cache-miss
90 http fetch GET 200 https://registry.npmjs.org/@types%2fnode 101ms (cache hit)
91 silly packumentCache full:https://registry.npmjs.org/@types%2fnode set size:10665074 disposed:false
92 silly fetch manifest object-assign@^4
93 silly packumentCache full:https://registry.npmjs.org/object-assign cache-miss
94 http fetch GET 200 https://registry.npmjs.org/@types%2fqs 159ms (cache miss)
95 silly packumentCache full:https://registry.npmjs.org/@types%2fqs set size:undefined disposed:false
96 silly fetch manifest qs@6.13.0
97 silly packumentCache full:https://registry.npmjs.org/qs cache-miss
98 http fetch GET 200 https://registry.npmjs.org/@types%2fbody-parser 182ms (cache miss)
99 silly packumentCache full:https://registry.npmjs.org/@types%2fbody-parser set size:undefined disposed:false
100 silly fetch manifest depd@2.0.0
101 silly packumentCache full:https://registry.npmjs.org/depd cache-miss
102 http fetch GET 200 https://registry.npmjs.org/qs 148ms (cache miss)
103 silly packumentCache full:https://registry.npmjs.org/qs set size:undefined disposed:false
104 silly fetch manifest etag@~1.8.1
105 silly packumentCache full:https://registry.npmjs.org/etag cache-miss
106 http fetch GET 200 https://registry.npmjs.org/depd 164ms (cache miss)
107 silly packumentCache full:https://registry.npmjs.org/depd set size:undefined disposed:false
108 silly fetch manifest send@0.19.0
109 silly packumentCache full:https://registry.npmjs.org/send cache-miss
110 http fetch GET 200 https://registry.npmjs.org/etag 154ms (cache miss)
111 silly packumentCache full:https://registry.npmjs.org/etag set size:undefined disposed:false
112 silly fetch manifest vary@~1.1.2
113 silly packumentCache full:https://registry.npmjs.org/vary cache-miss
114 http fetch GET 200 https://registry.npmjs.org/vary 154ms (cache miss)
115 silly packumentCache full:https://registry.npmjs.org/vary set size:undefined disposed:false
116 silly fetch manifest debug@2.6.9
117 silly packumentCache full:https://registry.npmjs.org/debug cache-miss
118 http fetch GET 200 https://registry.npmjs.org/send 286ms (cache miss)
119 silly packumentCache full:https://registry.npmjs.org/send set size:undefined disposed:false
120 silly fetch manifest fresh@0.5.2
121 silly packumentCache full:https://registry.npmjs.org/fresh cache-miss
122 http fetch GET 200 https://registry.npmjs.org/@types%2fserve-static 698ms (cache miss)
123 silly packumentCache full:https://registry.npmjs.org/@types%2fserve-static set size:undefined disposed:false
124 silly fetch manifest cookie@0.7.1
125 silly packumentCache full:https://registry.npmjs.org/cookie cache-miss
126 http fetch GET 200 https://registry.npmjs.org/vary 680ms (cache miss)
127 silly packumentCache full:https://registry.npmjs.org/vary set size:undefined disposed:false
128 silly fetch manifest accepts@~1.3.8
129 silly packumentCache full:https://registry.npmjs.org/accepts cache-miss
130 http fetch GET 200 https://registry.npmjs.org/debug 158ms (cache miss)
131 silly packumentCache full:https://registry.npmjs.org/debug set size:undefined disposed:false
132 silly fetch manifest methods@~1.1.2
133 silly packumentCache full:https://registry.npmjs.org/methods cache-miss
134 http fetch GET 200 https://registry.npmjs.org/undici-types 801ms (cache miss)
135 silly packumentCache full:https://registry.npmjs.org/undici-types set size:undefined disposed:false
136 silly fetch manifest type-is@~1.6.18
137 silly packumentCache full:https://registry.npmjs.org/type-is cache-miss
138 http fetch GET 200 https://registry.npmjs.org/fresh 167ms (cache miss)
139 silly packumentCache full:https://registry.npmjs.org/fresh set size:undefined disposed:false
140 silly fetch manifest parseurl@~1.3.3
141 silly packumentCache full:https://registry.npmjs.org/parseurl cache-miss
142 http fetch GET 200 https://registry.npmjs.org/cookie 198ms (cache miss)
143 silly packumentCache full:https://registry.npmjs.org/cookie set size:undefined disposed:false
144 silly fetch manifest statuses@2.0.1
145 silly packumentCache full:https://registry.npmjs.org/statuses cache-miss
146 http fetch GET 200 https://registry.npmjs.org/@types%2fexpress-serve-static-core 933ms (cache miss)
147 silly packumentCache full:https://registry.npmjs.org/@types%2fexpress-serve-static-core set size:undefined disposed:false
148 silly fetch manifest encodeurl@~2.0.0
149 silly packumentCache full:https://registry.npmjs.org/encodeurl cache-miss
150 http fetch GET 200 https://registry.npmjs.org/methods 180ms (cache miss)
151 silly packumentCache full:https://registry.npmjs.org/methods set size:undefined disposed:false
152 silly fetch manifest proxy-addr@~2.0.7
153 silly packumentCache full:https://registry.npmjs.org/proxy-addr cache-miss
154 http fetch GET 200 https://registry.npmjs.org/parseurl 165ms (cache miss)
155 silly packumentCache full:https://registry.npmjs.org/parseurl set size:undefined disposed:false
156 silly fetch manifest body-parser@1.20.3
157 silly packumentCache full:https://registry.npmjs.org/body-parser cache-miss
158 http fetch GET 200 https://registry.npmjs.org/statuses 167ms (cache miss)
159 silly packumentCache full:https://registry.npmjs.org/statuses set size:undefined disposed:false
160 silly fetch manifest escape-html@~1.0.3
161 silly packumentCache full:https://registry.npmjs.org/escape-html cache-miss
162 http fetch GET 200 https://registry.npmjs.org/encodeurl 163ms (cache miss)
163 silly packumentCache full:https://registry.npmjs.org/encodeurl set size:undefined disposed:false
164 silly fetch manifest http-errors@2.0.0
165 silly packumentCache full:https://registry.npmjs.org/http-errors cache-miss
166 http fetch GET 200 https://registry.npmjs.org/type-is 312ms (cache miss)
167 silly packumentCache full:https://registry.npmjs.org/type-is set size:undefined disposed:false
168 silly fetch manifest on-finished@2.4.1
169 silly packumentCache full:https://registry.npmjs.org/on-finished cache-miss
170 http fetch GET 200 https://registry.npmjs.org/proxy-addr 162ms (cache miss)
171 silly packumentCache full:https://registry.npmjs.org/proxy-addr set size:undefined disposed:false
172 silly fetch manifest safe-buffer@5.2.1
173 silly packumentCache full:https://registry.npmjs.org/safe-buffer cache-miss
174 http fetch GET 200 https://registry.npmjs.org/body-parser 160ms (cache miss)
175 silly packumentCache full:https://registry.npmjs.org/body-parser set size:undefined disposed:false
176 silly fetch manifest utils-merge@1.0.1
177 silly packumentCache full:https://registry.npmjs.org/utils-merge cache-miss
178 http fetch GET 200 https://registry.npmjs.org/escape-html 215ms (cache miss)
179 silly packumentCache full:https://registry.npmjs.org/escape-html set size:undefined disposed:false
180 silly fetch manifest content-type@~1.0.4
181 silly packumentCache full:https://registry.npmjs.org/content-type cache-miss
182 http fetch GET 200 https://registry.npmjs.org/safe-buffer 165ms (cache miss)
183 silly packumentCache full:https://registry.npmjs.org/safe-buffer set size:undefined disposed:false
184 silly fetch manifest finalhandler@1.3.1
185 silly packumentCache full:https://registry.npmjs.org/finalhandler cache-miss
186 http fetch GET 200 https://registry.npmjs.org/on-finished 181ms (cache miss)
187 silly packumentCache full:https://registry.npmjs.org/on-finished set size:undefined disposed:false
188 silly fetch manifest range-parser@~1.2.1
189 silly packumentCache full:https://registry.npmjs.org/range-parser cache-miss
190 http fetch GET 200 https://registry.npmjs.org/http-errors 204ms (cache miss)
191 silly packumentCache full:https://registry.npmjs.org/http-errors set size:undefined disposed:false
192 silly fetch manifest serve-static@1.16.2
193 silly packumentCache full:https://registry.npmjs.org/serve-static cache-miss
194 http fetch GET 200 https://registry.npmjs.org/utils-merge 174ms (cache miss)
195 silly packumentCache full:https://registry.npmjs.org/utils-merge set size:undefined disposed:false
196 silly fetch manifest array-flatten@1.1.1
197 silly packumentCache full:https://registry.npmjs.org/array-flatten cache-miss
198 http fetch GET 200 https://registry.npmjs.org/object-assign 1203ms (cache miss)
199 silly packumentCache full:https://registry.npmjs.org/object-assign set size:undefined disposed:false
200 silly fetch manifest path-to-regexp@0.1.12
201 silly packumentCache full:https://registry.npmjs.org/path-to-regexp cache-miss
202 http fetch GET 200 https://registry.npmjs.org/content-type 168ms (cache miss)
203 silly packumentCache full:https://registry.npmjs.org/content-type set size:undefined disposed:false
204 silly fetch manifest setprototypeof@1.2.0
205 silly packumentCache full:https://registry.npmjs.org/setprototypeof cache-miss
206 http fetch GET 200 https://registry.npmjs.org/range-parser 157ms (cache miss)
207 silly packumentCache full:https://registry.npmjs.org/range-parser set size:undefined disposed:false
208 silly fetch manifest cookie-signature@1.0.6
209 silly packumentCache full:https://registry.npmjs.org/cookie-signature cache-miss
210 http fetch GET 200 https://registry.npmjs.org/finalhandler 163ms (cache miss)
211 silly packumentCache full:https://registry.npmjs.org/finalhandler set size:undefined disposed:false
212 silly fetch manifest merge-descriptors@1.0.3
213 silly packumentCache full:https://registry.npmjs.org/merge-descriptors cache-miss
214 http fetch GET 200 https://registry.npmjs.org/array-flatten 164ms (cache miss)
215 silly packumentCache full:https://registry.npmjs.org/array-flatten set size:undefined disposed:false
216 silly fetch manifest content-disposition@0.5.4
217 silly packumentCache full:https://registry.npmjs.org/content-disposition cache-miss
218 http fetch GET 200 https://registry.npmjs.org/serve-static 183ms (cache miss)
219 silly packumentCache full:https://registry.npmjs.org/serve-static set size:undefined disposed:false
220 silly fetch manifest basic-auth@~2.0.1
221 silly packumentCache full:https://registry.npmjs.org/basic-auth cache-miss
222 http fetch GET 200 https://registry.npmjs.org/accepts 750ms (cache miss)
223 silly packumentCache full:https://registry.npmjs.org/accepts set size:undefined disposed:false
224 silly fetch manifest depd@~2.0.0
225 silly packumentCache full:https://registry.npmjs.org/depd cache-miss
226 http fetch GET 200 https://registry.npmjs.org/depd 3ms (cache hit)
227 silly packumentCache full:https://registry.npmjs.org/depd set size:40182 disposed:false
228 silly fetch manifest on-finished@~2.3.0
229 silly packumentCache full:https://registry.npmjs.org/on-finished cache-miss
230 http fetch GET 200 https://registry.npmjs.org/on-finished 4ms (cache hit)
231 silly packumentCache full:https://registry.npmjs.org/on-finished set size:23212 disposed:false
232 silly fetch manifest on-headers@~1.1.0
233 silly packumentCache full:https://registry.npmjs.org/on-headers cache-miss
234 http fetch GET 200 https://registry.npmjs.org/cookie-signature 167ms (cache miss)
235 silly packumentCache full:https://registry.npmjs.org/cookie-signature set size:undefined disposed:false
236 silly fetch manifest yn@3.1.1
237 silly packumentCache full:https://registry.npmjs.org/yn cache-miss
238 http fetch GET 200 https://registry.npmjs.org/setprototypeof 172ms (cache miss)
239 silly packumentCache full:https://registry.npmjs.org/setprototypeof set size:undefined disposed:false
240 silly fetch manifest arg@^4.1.0
241 silly packumentCache full:https://registry.npmjs.org/arg cache-miss
242 http fetch GET 200 https://registry.npmjs.org/merge-descriptors 173ms (cache miss)
243 silly packumentCache full:https://registry.npmjs.org/merge-descriptors set size:undefined disposed:false
244 silly fetch manifest diff@^4.0.1
245 silly packumentCache full:https://registry.npmjs.org/diff cache-miss
246 http fetch GET 200 https://registry.npmjs.org/content-disposition 170ms (cache miss)
247 silly packumentCache full:https://registry.npmjs.org/content-disposition set size:undefined disposed:false
248 silly fetch manifest acorn@^8.4.1
249 silly packumentCache full:https://registry.npmjs.org/acorn cache-miss
250 http fetch GET 200 https://registry.npmjs.org/path-to-regexp 453ms (cache miss)
251 silly packumentCache full:https://registry.npmjs.org/path-to-regexp set size:undefined disposed:false
252 silly fetch manifest acorn-walk@^8.1.1
253 silly packumentCache full:https://registry.npmjs.org/acorn-walk cache-miss
254 http fetch GET 200 https://registry.npmjs.org/basic-auth 316ms (cache miss)
255 silly packumentCache full:https://registry.npmjs.org/basic-auth set size:undefined disposed:false
256 silly fetch manifest make-error@^1.1.1
257 silly packumentCache full:https://registry.npmjs.org/make-error cache-miss
258 http fetch GET 200 https://registry.npmjs.org/acorn 170ms (cache miss)
259 silly packumentCache full:https://registry.npmjs.org/acorn set size:undefined disposed:false
260 silly fetch manifest create-require@^1.1.0
261 silly packumentCache full:https://registry.npmjs.org/create-require cache-miss
262 http fetch GET 200 https://registry.npmjs.org/arg 201ms (cache miss)
263 silly packumentCache full:https://registry.npmjs.org/arg set size:undefined disposed:false
264 silly fetch manifest @tsconfig/node10@^1.0.7
265 silly packumentCache full:https://registry.npmjs.org/@tsconfig%2fnode10 cache-miss
266 http fetch GET 200 https://registry.npmjs.org/diff 194ms (cache miss)
267 silly packumentCache full:https://registry.npmjs.org/diff set size:undefined disposed:false
268 silly fetch manifest @tsconfig/node12@^1.0.7
269 silly packumentCache full:https://registry.npmjs.org/@tsconfig%2fnode12 cache-miss
270 http fetch GET 200 https://registry.npmjs.org/yn 336ms (cache miss)
271 silly packumentCache full:https://registry.npmjs.org/yn set size:undefined disposed:false
272 silly fetch manifest @tsconfig/node14@^1.0.0
273 silly packumentCache full:https://registry.npmjs.org/@tsconfig%2fnode14 cache-miss
274 http fetch GET 200 https://registry.npmjs.org/acorn-walk 161ms (cache miss)
275 silly packumentCache full:https://registry.npmjs.org/acorn-walk set size:undefined disposed:false
276 silly fetch manifest @tsconfig/node16@^1.0.2
277 silly packumentCache full:https://registry.npmjs.org/@tsconfig%2fnode16 cache-miss
278 http fetch GET 200 https://registry.npmjs.org/create-require 150ms (cache miss)
279 silly packumentCache full:https://registry.npmjs.org/create-require set size:undefined disposed:false
280 silly fetch manifest v8-compile-cache-lib@^3.0.1
281 silly packumentCache full:https://registry.npmjs.org/v8-compile-cache-lib cache-miss
282 http fetch GET 200 https://registry.npmjs.org/@tsconfig%2fnode10 166ms (cache miss)
283 silly packumentCache full:https://registry.npmjs.org/@tsconfig%2fnode10 set size:undefined disposed:false
284 silly fetch manifest @cspotcode/source-map-support@^0.8.0
285 silly packumentCache full:https://registry.npmjs.org/@cspotcode%2fsource-map-support cache-miss
286 http fetch GET 200 https://registry.npmjs.org/@tsconfig%2fnode12 168ms (cache miss)
287 silly packumentCache full:https://registry.npmjs.org/@tsconfig%2fnode12 set size:undefined disposed:false
288 http fetch GET 200 https://registry.npmjs.org/make-error 265ms (cache miss)
289 silly packumentCache full:https://registry.npmjs.org/make-error set size:undefined disposed:false
290 http fetch GET 200 https://registry.npmjs.org/v8-compile-cache-lib 135ms (cache miss)
291 silly packumentCache full:https://registry.npmjs.org/v8-compile-cache-lib set size:undefined disposed:false
292 http fetch GET 200 https://registry.npmjs.org/@tsconfig%2fnode14 156ms (cache miss)
293 silly packumentCache full:https://registry.npmjs.org/@tsconfig%2fnode14 set size:undefined disposed:false
294 http fetch GET 200 https://registry.npmjs.org/@tsconfig%2fnode16 162ms (cache miss)
295 silly packumentCache full:https://registry.npmjs.org/@tsconfig%2fnode16 set size:undefined disposed:false
296 http fetch GET 200 https://registry.npmjs.org/on-headers 610ms (cache miss)
297 silly packumentCache full:https://registry.npmjs.org/on-headers set size:undefined disposed:false
298 http fetch GET 200 https://registry.npmjs.org/@cspotcode%2fsource-map-support 161ms (cache miss)
299 silly packumentCache full:https://registry.npmjs.org/@cspotcode%2fsource-map-support set size:undefined disposed:false
300 silly placeDep ROOT @types/body-parser@1.19.6 OK for: @types/express@4.17.23 want: *
301 silly placeDep ROOT @types/express-serve-static-core@4.19.7 OK for: @types/express@4.17.23 want: ^4.17.33
302 silly placeDep ROOT @types/qs@6.14.0 OK for: @types/express@4.17.23 want: *
303 silly placeDep ROOT @types/serve-static@1.15.9 OK for: @types/express@4.17.23 want: *
304 silly fetch manifest @types/connect@*
305 silly packumentCache full:https://registry.npmjs.org/@types%2fconnect cache-miss
306 silly fetch manifest @types/send@*
307 silly packumentCache full:https://registry.npmjs.org/@types%2fsend cache-miss
308 silly fetch manifest @types/range-parser@*
309 silly packumentCache full:https://registry.npmjs.org/@types%2frange-parser cache-miss
310 silly fetch manifest @types/send@<1
311 silly packumentCache full:https://registry.npmjs.org/@types%2fsend cache-miss
312 silly fetch manifest @types/http-errors@*
313 silly packumentCache full:https://registry.npmjs.org/@types%2fhttp-errors cache-miss
314 http fetch GET 200 https://registry.npmjs.org/@types%2fsend 148ms (cache miss)
315 silly packumentCache full:https://registry.npmjs.org/@types%2fsend set size:undefined disposed:false
316 http fetch GET 200 https://registry.npmjs.org/@types%2fhttp-errors 150ms (cache miss)
317 silly packumentCache full:https://registry.npmjs.org/@types%2fhttp-errors set size:undefined disposed:false
318 http fetch GET 200 https://registry.npmjs.org/@types%2fconnect 160ms (cache miss)
319 silly packumentCache full:https://registry.npmjs.org/@types%2fconnect set size:undefined disposed:false
320 http fetch GET 200 https://registry.npmjs.org/@types%2frange-parser 169ms (cache miss)
321 silly packumentCache full:https://registry.npmjs.org/@types%2frange-parser set size:undefined disposed:false
322 http fetch GET 200 https://registry.npmjs.org/@types%2fsend 256ms (cache miss)
323 silly packumentCache full:https://registry.npmjs.org/@types%2fsend set size:undefined disposed:false
324 silly placeDep ROOT @types/connect@3.4.38 OK for: @types/body-parser@1.19.6 want: *
325 silly placeDep ROOT @types/range-parser@1.2.7 OK for: @types/express-serve-static-core@4.19.7 want: *
326 silly placeDep ROOT @types/send@1.2.0 OK for: @types/express-serve-static-core@4.19.7 want: *
327 silly placeDep ROOT undici-types@6.21.0 OK for: @types/node@20.19.23 want: ~6.21.0
328 silly placeDep ROOT @types/http-errors@2.0.5 OK for: @types/serve-static@1.15.9 want: *
329 silly placeDep node_modules/@types/serve-static @types/send@0.17.5 OK for: @types/serve-static@1.15.9 want: <1
330 silly fetch manifest @types/mime@^1
331 silly packumentCache full:https://registry.npmjs.org/@types%2fmime cache-miss
332 http fetch GET 200 https://registry.npmjs.org/@types%2fmime 232ms (cache miss)
333 silly packumentCache full:https://registry.npmjs.org/@types%2fmime set size:undefined disposed:false
334 silly placeDep ROOT object-assign@4.1.1 OK for: cors@2.8.5 want: ^4
335 silly placeDep ROOT vary@1.1.2 OK for: cors@2.8.5 want: ^1
336 silly placeDep ROOT accepts@1.3.8 OK for: express@4.21.2 want: ~1.3.8
337 silly placeDep ROOT array-flatten@1.1.1 OK for: express@4.21.2 want: 1.1.1
338 silly placeDep ROOT body-parser@1.20.3 OK for: express@4.21.2 want: 1.20.3
339 silly placeDep ROOT content-disposition@0.5.4 OK for: express@4.21.2 want: 0.5.4
340 silly placeDep ROOT content-type@1.0.5 OK for: express@4.21.2 want: ~1.0.4
341 silly placeDep ROOT cookie@0.7.1 OK for: express@4.21.2 want: 0.7.1
342 silly placeDep ROOT cookie-signature@1.0.6 OK for: express@4.21.2 want: 1.0.6
343 silly placeDep ROOT debug@2.6.9 OK for: express@4.21.2 want: 2.6.9
344 silly placeDep ROOT depd@2.0.0 OK for: express@4.21.2 want: 2.0.0
345 silly placeDep ROOT encodeurl@2.0.0 OK for: express@4.21.2 want: ~2.0.0
346 silly placeDep ROOT escape-html@1.0.3 OK for: express@4.21.2 want: ~1.0.3
347 silly placeDep ROOT etag@1.8.1 OK for: express@4.21.2 want: ~1.8.1
348 silly placeDep ROOT finalhandler@1.3.1 OK for: express@4.21.2 want: 1.3.1
349 silly placeDep ROOT fresh@0.5.2 OK for: express@4.21.2 want: 0.5.2
350 silly placeDep ROOT http-errors@2.0.0 OK for: express@4.21.2 want: 2.0.0
351 silly placeDep ROOT merge-descriptors@1.0.3 OK for: express@4.21.2 want: 1.0.3
352 silly placeDep ROOT methods@1.1.2 OK for: express@4.21.2 want: ~1.1.2
353 silly placeDep ROOT on-finished@2.4.1 OK for: express@4.21.2 want: 2.4.1
354 silly placeDep ROOT parseurl@1.3.3 OK for: express@4.21.2 want: ~1.3.3
355 silly placeDep ROOT path-to-regexp@0.1.12 OK for: express@4.21.2 want: 0.1.12
356 silly placeDep ROOT proxy-addr@2.0.7 OK for: express@4.21.2 want: ~2.0.7
357 silly placeDep ROOT qs@6.13.0 OK for: express@4.21.2 want: 6.13.0
358 silly placeDep ROOT range-parser@1.2.1 OK for: express@4.21.2 want: ~1.2.1
359 silly placeDep ROOT safe-buffer@5.2.1 OK for: express@4.21.2 want: 5.2.1
360 silly placeDep ROOT send@0.19.0 OK for: express@4.21.2 want: 0.19.0
361 silly placeDep ROOT serve-static@1.16.2 OK for: express@4.21.2 want: 1.16.2
362 silly placeDep ROOT setprototypeof@1.2.0 OK for: express@4.21.2 want: 1.2.0
363 silly placeDep ROOT statuses@2.0.1 OK for: express@4.21.2 want: 2.0.1
364 silly placeDep ROOT type-is@1.6.18 OK for: express@4.21.2 want: ~1.6.18
365 silly placeDep ROOT utils-merge@1.0.1 OK for: express@4.21.2 want: 1.0.1
366 silly fetch manifest mime-types@~2.1.34
367 silly packumentCache full:https://registry.npmjs.org/mime-types cache-miss
368 silly fetch manifest negotiator@0.6.3
369 silly packumentCache full:https://registry.npmjs.org/negotiator cache-miss
370 silly fetch manifest bytes@3.1.2
371 silly packumentCache full:https://registry.npmjs.org/bytes cache-miss
372 silly fetch manifest unpipe@1.0.0
373 silly packumentCache full:https://registry.npmjs.org/unpipe cache-miss
374 silly fetch manifest destroy@1.2.0
375 silly packumentCache full:https://registry.npmjs.org/destroy cache-miss
376 silly fetch manifest raw-body@2.5.2
377 silly packumentCache full:https://registry.npmjs.org/raw-body cache-miss
378 silly fetch manifest iconv-lite@0.4.24
379 silly packumentCache full:https://registry.npmjs.org/iconv-lite cache-miss
380 http fetch GET 200 https://registry.npmjs.org/bytes 144ms (cache miss)
381 silly packumentCache full:https://registry.npmjs.org/bytes set size:undefined disposed:false
382 silly fetch manifest content-type@~1.0.5
383 silly packumentCache full:https://registry.npmjs.org/content-type cache-miss
384 http fetch GET 200 https://registry.npmjs.org/unpipe 145ms (cache miss)
385 silly packumentCache full:https://registry.npmjs.org/unpipe set size:undefined disposed:false
386 silly fetch manifest ms@2.0.0
387 silly packumentCache full:https://registry.npmjs.org/ms cache-miss
388 http fetch GET 200 https://registry.npmjs.org/destroy 146ms (cache miss)
389 silly packumentCache full:https://registry.npmjs.org/destroy set size:undefined disposed:false
390 silly fetch manifest unpipe@~1.0.0
391 silly packumentCache full:https://registry.npmjs.org/unpipe cache-miss
392 http fetch GET 200 https://registry.npmjs.org/negotiator 150ms (cache miss)
393 silly packumentCache full:https://registry.npmjs.org/negotiator set size:undefined disposed:false
394 silly fetch manifest inherits@2.0.4
395 silly packumentCache full:https://registry.npmjs.org/inherits cache-miss
396 http fetch GET 200 https://registry.npmjs.org/content-type 12ms (cache hit)
397 silly packumentCache full:https://registry.npmjs.org/content-type set size:17311 disposed:false
398 silly fetch manifest toidentifier@1.0.1
399 silly packumentCache full:https://registry.npmjs.org/toidentifier cache-miss
400 http fetch GET 200 https://registry.npmjs.org/unpipe 10ms (cache hit)
401 silly packumentCache full:https://registry.npmjs.org/unpipe set size:3537 disposed:false
402 silly fetch manifest ee-first@1.1.1
403 silly packumentCache full:https://registry.npmjs.org/ee-first cache-miss
404 http fetch GET 200 https://registry.npmjs.org/mime-types 205ms (cache miss)
405 silly packumentCache full:https://registry.npmjs.org/mime-types set size:undefined disposed:false
406 silly fetch manifest forwarded@0.2.0
407 silly packumentCache full:https://registry.npmjs.org/forwarded cache-miss
408 http fetch GET 200 https://registry.npmjs.org/raw-body 275ms (cache miss)
409 silly packumentCache full:https://registry.npmjs.org/raw-body set size:undefined disposed:false
410 silly fetch manifest ipaddr.js@1.9.1
411 silly packumentCache full:https://registry.npmjs.org/ipaddr.js cache-miss
412 http fetch GET 200 https://registry.npmjs.org/inherits 140ms (cache miss)
413 silly packumentCache full:https://registry.npmjs.org/inherits set size:undefined disposed:false
414 silly fetch manifest side-channel@^1.0.6
415 silly packumentCache full:https://registry.npmjs.org/side-channel cache-miss
416 http fetch GET 200 https://registry.npmjs.org/ee-first 135ms (cache miss)
417 silly packumentCache full:https://registry.npmjs.org/ee-first set size:undefined disposed:false
418 silly fetch manifest ms@2.1.3
419 silly packumentCache full:https://registry.npmjs.org/ms cache-miss
420 http fetch GET 200 https://registry.npmjs.org/toidentifier 142ms (cache miss)
421 silly packumentCache full:https://registry.npmjs.org/toidentifier set size:undefined disposed:false
422 silly fetch manifest mime@1.6.0
423 silly packumentCache full:https://registry.npmjs.org/mime cache-miss
424 http fetch GET 200 https://registry.npmjs.org/ms 154ms (cache miss)
425 silly packumentCache full:https://registry.npmjs.org/ms set size:undefined disposed:false
426 silly fetch manifest encodeurl@~1.0.2
427 silly packumentCache full:https://registry.npmjs.org/encodeurl cache-miss
428 http fetch GET 200 https://registry.npmjs.org/encodeurl 4ms (cache hit)
429 silly packumentCache full:https://registry.npmjs.org/encodeurl set size:12296 disposed:false
430 silly fetch manifest mime-types@~2.1.24
431 silly packumentCache full:https://registry.npmjs.org/mime-types cache-miss
432 http fetch GET 200 https://registry.npmjs.org/mime-types 2ms (cache hit)
433 silly packumentCache full:https://registry.npmjs.org/mime-types set size:136716 disposed:false
434 silly fetch manifest media-typer@0.3.0
435 silly packumentCache full:https://registry.npmjs.org/media-typer cache-miss
436 http fetch GET 200 https://registry.npmjs.org/iconv-lite 323ms (cache miss)
437 silly packumentCache full:https://registry.npmjs.org/iconv-lite set size:undefined disposed:false
438 http fetch GET 200 https://registry.npmjs.org/forwarded 142ms (cache miss)
439 silly packumentCache full:https://registry.npmjs.org/forwarded set size:undefined disposed:false
440 http fetch GET 200 https://registry.npmjs.org/ms 140ms (cache miss)
441 silly packumentCache full:https://registry.npmjs.org/ms set size:undefined disposed:false
442 http fetch GET 200 https://registry.npmjs.org/side-channel 144ms (cache miss)
443 silly packumentCache full:https://registry.npmjs.org/side-channel set size:undefined disposed:false
444 http fetch GET 200 https://registry.npmjs.org/media-typer 142ms (cache miss)
445 silly packumentCache full:https://registry.npmjs.org/media-typer set size:undefined disposed:false
446 http fetch GET 200 https://registry.npmjs.org/ipaddr.js 238ms (cache miss)
447 silly packumentCache full:https://registry.npmjs.org/ipaddr.js set size:undefined disposed:false
448 http fetch GET 200 https://registry.npmjs.org/mime 291ms (cache miss)
449 silly packumentCache full:https://registry.npmjs.org/mime set size:undefined disposed:false
450 silly placeDep ROOT mime-types@2.1.35 OK for: accepts@1.3.8 want: ~2.1.34
451 silly placeDep ROOT negotiator@0.6.3 OK for: accepts@1.3.8 want: 0.6.3
452 silly fetch manifest mime-db@1.52.0
453 silly packumentCache full:https://registry.npmjs.org/mime-db cache-miss
454 http fetch GET 200 https://registry.npmjs.org/mime-db 278ms (cache miss)
455 silly packumentCache full:https://registry.npmjs.org/mime-db set size:undefined disposed:false
456 silly placeDep ROOT bytes@3.1.2 OK for: body-parser@1.20.3 want: 3.1.2
457 silly placeDep ROOT destroy@1.2.0 OK for: body-parser@1.20.3 want: 1.2.0
458 silly placeDep ROOT iconv-lite@0.4.24 OK for: body-parser@1.20.3 want: 0.4.24
459 silly placeDep ROOT raw-body@2.5.2 OK for: body-parser@1.20.3 want: 2.5.2
460 silly placeDep ROOT unpipe@1.0.0 OK for: body-parser@1.20.3 want: 1.0.0
461 silly fetch manifest safer-buffer@>= 2.1.2 < 3
462 silly packumentCache full:https://registry.npmjs.org/safer-buffer cache-miss
463 http fetch GET 200 https://registry.npmjs.org/safer-buffer 173ms (cache miss)
464 silly packumentCache full:https://registry.npmjs.org/safer-buffer set size:undefined disposed:false
465 silly placeDep ROOT ms@2.0.0 OK for: debug@2.6.9 want: 2.0.0
466 silly placeDep ROOT inherits@2.0.4 OK for: http-errors@2.0.0 want: 2.0.4
467 silly placeDep ROOT toidentifier@1.0.1 OK for: http-errors@2.0.0 want: 1.0.1
468 silly placeDep ROOT safer-buffer@2.1.2 OK for: iconv-lite@0.4.24 want: >= 2.1.2 < 3
469 silly placeDep ROOT mime-db@1.52.0 OK for: mime-types@2.1.35 want: 1.52.0
470 silly placeDep ROOT basic-auth@2.0.1 OK for: morgan@1.10.1 want: ~2.0.1
471 silly placeDep node_modules/morgan on-finished@2.3.0 OK for: morgan@1.10.1 want: ~2.3.0
472 silly placeDep ROOT on-headers@1.1.0 OK for: morgan@1.10.1 want: ~1.1.0
473 silly fetch manifest safe-buffer@5.1.2
474 silly packumentCache full:https://registry.npmjs.org/safe-buffer cache-miss
475 http fetch GET 200 https://registry.npmjs.org/safe-buffer 4ms (cache hit)
476 silly packumentCache full:https://registry.npmjs.org/safe-buffer set size:41183 disposed:false
477 silly placeDep node_modules/basic-auth safe-buffer@5.1.2 OK for: basic-auth@2.0.1 want: 5.1.2
478 silly placeDep ROOT ee-first@1.1.1 OK for: on-finished@2.4.1 want: 1.1.1
479 silly placeDep ROOT forwarded@0.2.0 OK for: proxy-addr@2.0.7 want: 0.2.0
480 silly placeDep ROOT ipaddr.js@1.9.1 OK for: proxy-addr@2.0.7 want: 1.9.1
481 silly placeDep ROOT side-channel@1.1.0 OK for: qs@6.13.0 want: ^1.0.6
482 silly fetch manifest es-errors@^1.3.0
483 silly packumentCache full:https://registry.npmjs.org/es-errors cache-miss
484 silly fetch manifest object-inspect@^1.13.3
485 silly packumentCache full:https://registry.npmjs.org/object-inspect cache-miss
486 silly fetch manifest side-channel-list@^1.0.0
487 silly packumentCache full:https://registry.npmjs.org/side-channel-list cache-miss
488 silly fetch manifest side-channel-map@^1.0.1
489 silly packumentCache full:https://registry.npmjs.org/side-channel-map cache-miss
490 silly fetch manifest side-channel-weakmap@^1.0.2
491 silly packumentCache full:https://registry.npmjs.org/side-channel-weakmap cache-miss
492 http fetch GET 200 https://registry.npmjs.org/side-channel-list 159ms (cache miss)
493 silly packumentCache full:https://registry.npmjs.org/side-channel-list set size:undefined disposed:false
494 http fetch GET 200 https://registry.npmjs.org/es-errors 169ms (cache miss)
495 silly packumentCache full:https://registry.npmjs.org/es-errors set size:undefined disposed:false
496 http fetch GET 200 https://registry.npmjs.org/object-inspect 170ms (cache miss)
497 silly packumentCache full:https://registry.npmjs.org/object-inspect set size:undefined disposed:false
498 http fetch GET 200 https://registry.npmjs.org/side-channel-map 180ms (cache miss)
499 silly packumentCache full:https://registry.npmjs.org/side-channel-map set size:undefined disposed:false
500 http fetch GET 200 https://registry.npmjs.org/side-channel-weakmap 267ms (cache miss)
501 silly packumentCache full:https://registry.npmjs.org/side-channel-weakmap set size:undefined disposed:false
502 silly placeDep node_modules/send encodeurl@1.0.2 OK for: send@0.19.0 want: ~1.0.2
503 silly placeDep ROOT mime@1.6.0 OK for: send@0.19.0 want: 1.6.0
504 silly placeDep node_modules/send ms@2.1.3 OK for: send@0.19.0 want: 2.1.3
505 silly placeDep ROOT es-errors@1.3.0 OK for: side-channel@1.1.0 want: ^1.3.0
506 silly placeDep ROOT object-inspect@1.13.4 OK for: side-channel@1.1.0 want: ^1.13.3
507 silly placeDep ROOT side-channel-list@1.0.0 OK for: side-channel@1.1.0 want: ^1.0.0
508 silly placeDep ROOT side-channel-map@1.0.1 OK for: side-channel@1.1.0 want: ^1.0.1
509 silly placeDep ROOT side-channel-weakmap@1.0.2 OK for: side-channel@1.1.0 want: ^1.0.2
510 silly fetch manifest call-bound@^1.0.2
511 silly packumentCache full:https://registry.npmjs.org/call-bound cache-miss
512 silly fetch manifest get-intrinsic@^1.2.5
513 silly packumentCache full:https://registry.npmjs.org/get-intrinsic cache-miss
514 silly fetch manifest call-bound@^1.0.2
515 silly packumentCache full:https://registry.npmjs.org/call-bound cache-miss
516 silly fetch manifest get-intrinsic@^1.2.5
517 silly packumentCache full:https://registry.npmjs.org/get-intrinsic cache-miss
518 http fetch GET 200 https://registry.npmjs.org/call-bound 174ms (cache miss)
519 silly packumentCache full:https://registry.npmjs.org/call-bound set size:undefined disposed:false
520 http fetch GET 200 https://registry.npmjs.org/call-bound 182ms (cache miss)
521 silly packumentCache full:https://registry.npmjs.org/call-bound set size:undefined disposed:false
522 http fetch GET 200 https://registry.npmjs.org/get-intrinsic 193ms (cache miss)
523 silly packumentCache full:https://registry.npmjs.org/get-intrinsic set size:undefined disposed:false
524 http fetch GET 200 https://registry.npmjs.org/get-intrinsic 195ms (cache miss)
525 silly packumentCache full:https://registry.npmjs.org/get-intrinsic set size:undefined disposed:false
526 silly placeDep ROOT call-bound@1.0.4 OK for: side-channel-map@1.0.1 want: ^1.0.2
527 silly placeDep ROOT get-intrinsic@1.3.0 OK for: side-channel-map@1.0.1 want: ^1.2.5
528 silly fetch manifest call-bind-apply-helpers@^1.0.2
529 silly packumentCache full:https://registry.npmjs.org/call-bind-apply-helpers cache-miss
530 silly fetch manifest get-intrinsic@^1.3.0
531 silly packumentCache full:https://registry.npmjs.org/get-intrinsic cache-miss
532 silly fetch manifest gopd@^1.2.0
533 silly packumentCache full:https://registry.npmjs.org/gopd cache-miss
534 silly fetch manifest hasown@^2.0.2
535 silly packumentCache full:https://registry.npmjs.org/hasown cache-miss
536 silly fetch manifest get-proto@^1.0.1
537 silly packumentCache full:https://registry.npmjs.org/get-proto cache-miss
538 silly fetch manifest has-symbols@^1.1.0
539 silly packumentCache full:https://registry.npmjs.org/has-symbols cache-miss
540 silly fetch manifest function-bind@^1.1.2
541 silly packumentCache full:https://registry.npmjs.org/function-bind cache-miss
542 http fetch GET 200 https://registry.npmjs.org/get-intrinsic 11ms (cache hit)
543 silly packumentCache full:https://registry.npmjs.org/get-intrinsic set size:60985 disposed:false
544 silly fetch manifest es-object-atoms@^1.1.1
545 silly packumentCache full:https://registry.npmjs.org/es-object-atoms cache-miss
546 http fetch GET 200 https://registry.npmjs.org/es-object-atoms 172ms (cache miss)
547 silly packumentCache full:https://registry.npmjs.org/es-object-atoms set size:undefined disposed:false
548 silly fetch manifest math-intrinsics@^1.1.0
549 silly packumentCache full:https://registry.npmjs.org/math-intrinsics cache-miss
550 http fetch GET 200 https://registry.npmjs.org/get-proto 185ms (cache miss)
551 silly packumentCache full:https://registry.npmjs.org/get-proto set size:undefined disposed:false
552 silly fetch manifest es-define-property@^1.0.1
553 silly packumentCache full:https://registry.npmjs.org/es-define-property cache-miss
554 http fetch GET 200 https://registry.npmjs.org/hasown 188ms (cache miss)
555 silly packumentCache full:https://registry.npmjs.org/hasown set size:undefined disposed:false
556 silly fetch manifest call-bind-apply-helpers@^1.0.2
557 silly packumentCache full:https://registry.npmjs.org/call-bind-apply-helpers cache-miss
558 http fetch GET 200 https://registry.npmjs.org/has-symbols 189ms (cache miss)
559 silly packumentCache full:https://registry.npmjs.org/has-symbols set size:undefined disposed:false
560 http fetch GET 200 https://registry.npmjs.org/function-bind 188ms (cache miss)
561 silly packumentCache full:https://registry.npmjs.org/function-bind set size:undefined disposed:false
562 http fetch GET 200 https://registry.npmjs.org/call-bind-apply-helpers 193ms (cache miss)
563 silly packumentCache full:https://registry.npmjs.org/call-bind-apply-helpers set size:undefined disposed:false
564 http fetch GET 200 https://registry.npmjs.org/call-bind-apply-helpers 5ms (cache hit)
565 silly packumentCache full:https://registry.npmjs.org/call-bind-apply-helpers set size:12744 disposed:false
566 http fetch GET 200 https://registry.npmjs.org/gopd 199ms (cache miss)
567 silly packumentCache full:https://registry.npmjs.org/gopd set size:undefined disposed:false
568 http fetch GET 200 https://registry.npmjs.org/es-define-property 170ms (cache miss)
569 silly packumentCache full:https://registry.npmjs.org/es-define-property set size:undefined disposed:false
570 http fetch GET 200 https://registry.npmjs.org/math-intrinsics 174ms (cache miss)
571 silly packumentCache full:https://registry.npmjs.org/math-intrinsics set size:undefined disposed:false
572 silly placeDep ROOT call-bind-apply-helpers@1.0.2 OK for: call-bound@1.0.4 want: ^1.0.2
573 silly placeDep ROOT function-bind@1.1.2 OK for: call-bind-apply-helpers@1.0.2 want: ^1.1.2
574 silly placeDep ROOT es-define-property@1.0.1 OK for: get-intrinsic@1.3.0 want: ^1.0.1
575 silly placeDep ROOT es-object-atoms@1.1.1 OK for: get-intrinsic@1.3.0 want: ^1.1.1
576 silly placeDep ROOT get-proto@1.0.1 OK for: get-intrinsic@1.3.0 want: ^1.0.1
577 silly placeDep ROOT gopd@1.2.0 OK for: get-intrinsic@1.3.0 want: ^1.2.0
578 silly placeDep ROOT has-symbols@1.1.0 OK for: get-intrinsic@1.3.0 want: ^1.1.0
579 silly placeDep ROOT hasown@2.0.2 OK for: get-intrinsic@1.3.0 want: ^2.0.2
580 silly placeDep ROOT math-intrinsics@1.1.0 OK for: get-intrinsic@1.3.0 want: ^1.1.0
581 silly fetch manifest dunder-proto@^1.0.1
582 silly packumentCache full:https://registry.npmjs.org/dunder-proto cache-miss
583 http fetch GET 200 https://registry.npmjs.org/dunder-proto 165ms (cache miss)
584 silly packumentCache full:https://registry.npmjs.org/dunder-proto set size:undefined disposed:false
585 silly placeDep ROOT dunder-proto@1.0.1 OK for: get-proto@1.0.1 want: ^1.0.1
586 silly placeDep ROOT @cspotcode/source-map-support@0.8.1 OK for: ts-node@10.9.2 want: ^0.8.0
587 silly placeDep ROOT @tsconfig/node10@1.0.11 OK for: ts-node@10.9.2 want: ^1.0.7
588 silly placeDep ROOT @tsconfig/node12@1.0.11 OK for: ts-node@10.9.2 want: ^1.0.7
589 silly placeDep ROOT @tsconfig/node14@1.0.3 OK for: ts-node@10.9.2 want: ^1.0.0
590 silly placeDep ROOT @tsconfig/node16@1.0.4 OK for: ts-node@10.9.2 want: ^1.0.2
591 silly placeDep ROOT acorn@8.15.0 OK for: ts-node@10.9.2 want: ^8.4.1
592 silly placeDep ROOT acorn-walk@8.3.4 OK for: ts-node@10.9.2 want: ^8.1.1
593 silly placeDep ROOT arg@4.1.3 OK for: ts-node@10.9.2 want: ^4.1.0
594 silly placeDep ROOT create-require@1.1.1 OK for: ts-node@10.9.2 want: ^1.1.0
595 silly placeDep ROOT diff@4.0.2 OK for: ts-node@10.9.2 want: ^4.0.1
596 silly placeDep ROOT make-error@1.3.6 OK for: ts-node@10.9.2 want: ^1.1.1
597 silly placeDep ROOT v8-compile-cache-lib@3.0.1 OK for: ts-node@10.9.2 want: ^3.0.1
598 silly placeDep ROOT yn@3.1.1 OK for: ts-node@10.9.2 want: 3.1.1
599 silly fetch manifest @jridgewell/trace-mapping@0.3.9
600 silly packumentCache full:https://registry.npmjs.org/@jridgewell%2ftrace-mapping cache-miss
601 http fetch GET 200 https://registry.npmjs.org/@jridgewell%2ftrace-mapping 263ms (cache miss)
602 silly packumentCache full:https://registry.npmjs.org/@jridgewell%2ftrace-mapping set size:undefined disposed:false
603 silly placeDep ROOT @jridgewell/trace-mapping@0.3.9 OK for: @cspotcode/source-map-support@0.8.1 want: 0.3.9
604 silly fetch manifest @jridgewell/resolve-uri@^3.0.3
605 silly packumentCache full:https://registry.npmjs.org/@jridgewell%2fresolve-uri cache-miss
606 silly fetch manifest @jridgewell/sourcemap-codec@^1.4.10
607 silly packumentCache full:https://registry.npmjs.org/@jridgewell%2fsourcemap-codec cache-miss
608 http fetch GET 200 https://registry.npmjs.org/@jridgewell%2fresolve-uri 221ms (cache miss)
609 silly packumentCache full:https://registry.npmjs.org/@jridgewell%2fresolve-uri set size:undefined disposed:false
610 http fetch GET 200 https://registry.npmjs.org/@jridgewell%2fsourcemap-codec 222ms (cache miss)
611 silly packumentCache full:https://registry.npmjs.org/@jridgewell%2fsourcemap-codec set size:undefined disposed:false
612 silly placeDep ROOT @jridgewell/resolve-uri@3.1.2 OK for: @jridgewell/trace-mapping@0.3.9 want: ^3.0.3
613 silly placeDep ROOT @jridgewell/sourcemap-codec@1.5.5 OK for: @jridgewell/trace-mapping@0.3.9 want: ^1.4.10
614 silly placeDep ROOT media-typer@0.3.0 OK for: type-is@1.6.18 want: 0.3.0
615 silly placeDep ROOT @types/mime@1.3.5 OK for: @types/send@0.17.5 want: ^1
616 silly reify moves {}
617 silly tarball no local data for @types/mime@https://registry.npmjs.org/@types/mime/-/mime-1.3.5.tgz. Extracting by manifest.
618 silly tarball no local data for media-typer@https://registry.npmjs.org/media-typer/-/media-typer-0.3.0.tgz. Extracting by manifest.
619 silly tarball no local data for @jridgewell/sourcemap-codec@https://registry.npmjs.org/@jridgewell/sourcemap-codec/-/sourcemap-codec-1.5.5.tgz. Extracting by manifest.
620 silly tarball no local data for @jridgewell/trace-mapping@https://registry.npmjs.org/@jridgewell/trace-mapping/-/trace-mapping-0.3.9.tgz. Extracting by manifest.
621 silly tarball no local data for yn@https://registry.npmjs.org/yn/-/yn-3.1.1.tgz. Extracting by manifest.
622 silly tarball no local data for @jridgewell/resolve-uri@https://registry.npmjs.org/@jridgewell/resolve-uri/-/resolve-uri-3.1.2.tgz. Extracting by manifest.
623 silly tarball no local data for v8-compile-cache-lib@https://registry.npmjs.org/v8-compile-cache-lib/-/v8-compile-cache-lib-3.0.1.tgz. Extracting by manifest.
624 silly tarball no local data for make-error@https://registry.npmjs.org/make-error/-/make-error-1.3.6.tgz. Extracting by manifest.
625 silly tarball no local data for diff@https://registry.npmjs.org/diff/-/diff-4.0.2.tgz. Extracting by manifest.
626 silly tarball no local data for create-require@https://registry.npmjs.org/create-require/-/create-require-1.1.1.tgz. Extracting by manifest.
627 silly tarball no local data for arg@https://registry.npmjs.org/arg/-/arg-4.1.3.tgz. Extracting by manifest.
628 silly tarball no local data for acorn-walk@https://registry.npmjs.org/acorn-walk/-/acorn-walk-8.3.4.tgz. Extracting by manifest.
629 silly tarball no local data for acorn@https://registry.npmjs.org/acorn/-/acorn-8.15.0.tgz. Extracting by manifest.
630 silly tarball no local data for @tsconfig/node16@https://registry.npmjs.org/@tsconfig/node16/-/node16-1.0.4.tgz. Extracting by manifest.
631 silly tarball no local data for @tsconfig/node14@https://registry.npmjs.org/@tsconfig/node14/-/node14-1.0.3.tgz. Extracting by manifest.
632 silly tarball no local data for @tsconfig/node12@https://registry.npmjs.org/@tsconfig/node12/-/node12-1.0.11.tgz. Extracting by manifest.
633 silly tarball no local data for @cspotcode/source-map-support@https://registry.npmjs.org/@cspotcode/source-map-support/-/source-map-support-0.8.1.tgz. Extracting by manifest.
634 silly tarball no local data for @tsconfig/node10@https://registry.npmjs.org/@tsconfig/node10/-/node10-1.0.11.tgz. Extracting by manifest.
635 silly tarball no local data for dunder-proto@https://registry.npmjs.org/dunder-proto/-/dunder-proto-1.0.1.tgz. Extracting by manifest.
636 silly tarball no local data for math-intrinsics@https://registry.npmjs.org/math-intrinsics/-/math-intrinsics-1.1.0.tgz. Extracting by manifest.
637 silly tarball no local data for has-symbols@https://registry.npmjs.org/has-symbols/-/has-symbols-1.1.0.tgz. Extracting by manifest.
638 silly tarball no local data for hasown@https://registry.npmjs.org/hasown/-/hasown-2.0.2.tgz. Extracting by manifest.
639 silly tarball no local data for gopd@https://registry.npmjs.org/gopd/-/gopd-1.2.0.tgz. Extracting by manifest.
640 silly tarball no local data for get-proto@https://registry.npmjs.org/get-proto/-/get-proto-1.0.1.tgz. Extracting by manifest.
641 silly tarball no local data for es-object-atoms@https://registry.npmjs.org/es-object-atoms/-/es-object-atoms-1.1.1.tgz. Extracting by manifest.
642 silly tarball no local data for es-define-property@https://registry.npmjs.org/es-define-property/-/es-define-property-1.0.1.tgz. Extracting by manifest.
643 silly tarball no local data for function-bind@https://registry.npmjs.org/function-bind/-/function-bind-1.1.2.tgz. Extracting by manifest.
644 silly tarball no local data for call-bind-apply-helpers@https://registry.npmjs.org/call-bind-apply-helpers/-/call-bind-apply-helpers-1.0.2.tgz. Extracting by manifest.
645 silly tarball no local data for get-intrinsic@https://registry.npmjs.org/get-intrinsic/-/get-intrinsic-1.3.0.tgz. Extracting by manifest.
646 silly tarball no local data for call-bound@https://registry.npmjs.org/call-bound/-/call-bound-1.0.4.tgz. Extracting by manifest.
647 silly tarball no local data for side-channel-weakmap@https://registry.npmjs.org/side-channel-weakmap/-/side-channel-weakmap-1.0.2.tgz. Extracting by manifest.
648 silly tarball no local data for side-channel-map@https://registry.npmjs.org/side-channel-map/-/side-channel-map-1.0.1.tgz. Extracting by manifest.
649 silly tarball no local data for side-channel-list@https://registry.npmjs.org/side-channel-list/-/side-channel-list-1.0.0.tgz. Extracting by manifest.
650 silly tarball no local data for object-inspect@https://registry.npmjs.org/object-inspect/-/object-inspect-1.13.4.tgz. Extracting by manifest.
651 silly tarball no local data for es-errors@https://registry.npmjs.org/es-errors/-/es-errors-1.3.0.tgz. Extracting by manifest.
652 silly tarball no local data for mime@https://registry.npmjs.org/mime/-/mime-1.6.0.tgz. Extracting by manifest.
653 silly tarball no local data for side-channel@https://registry.npmjs.org/side-channel/-/side-channel-1.1.0.tgz. Extracting by manifest.
654 silly tarball no local data for forwarded@https://registry.npmjs.org/forwarded/-/forwarded-0.2.0.tgz. Extracting by manifest.
655 silly tarball no local data for ipaddr.js@https://registry.npmjs.org/ipaddr.js/-/ipaddr.js-1.9.1.tgz. Extracting by manifest.
656 silly tarball no local data for ee-first@https://registry.npmjs.org/ee-first/-/ee-first-1.1.1.tgz. Extracting by manifest.
657 silly tarball no local data for on-headers@https://registry.npmjs.org/on-headers/-/on-headers-1.1.0.tgz. Extracting by manifest.
658 silly tarball no local data for basic-auth@https://registry.npmjs.org/basic-auth/-/basic-auth-2.0.1.tgz. Extracting by manifest.
659 silly tarball no local data for mime-db@https://registry.npmjs.org/mime-db/-/mime-db-1.52.0.tgz. Extracting by manifest.
660 silly tarball no local data for safer-buffer@https://registry.npmjs.org/safer-buffer/-/safer-buffer-2.1.2.tgz. Extracting by manifest.
661 silly tarball no local data for toidentifier@https://registry.npmjs.org/toidentifier/-/toidentifier-1.0.1.tgz. Extracting by manifest.
662 silly tarball no local data for inherits@https://registry.npmjs.org/inherits/-/inherits-2.0.4.tgz. Extracting by manifest.
663 silly tarball no local data for ms@https://registry.npmjs.org/ms/-/ms-2.0.0.tgz. Extracting by manifest.
664 silly tarball no local data for unpipe@https://registry.npmjs.org/unpipe/-/unpipe-1.0.0.tgz. Extracting by manifest.
665 silly tarball no local data for raw-body@https://registry.npmjs.org/raw-body/-/raw-body-2.5.2.tgz. Extracting by manifest.
666 silly tarball no local data for iconv-lite@https://registry.npmjs.org/iconv-lite/-/iconv-lite-0.4.24.tgz. Extracting by manifest.
667 silly tarball no local data for bytes@https://registry.npmjs.org/bytes/-/bytes-3.1.2.tgz. Extracting by manifest.
668 silly tarball no local data for destroy@https://registry.npmjs.org/destroy/-/destroy-1.2.0.tgz. Extracting by manifest.
669 silly tarball no local data for negotiator@https://registry.npmjs.org/negotiator/-/negotiator-0.6.3.tgz. Extracting by manifest.
670 silly tarball no local data for mime-types@https://registry.npmjs.org/mime-types/-/mime-types-2.1.35.tgz. Extracting by manifest.
671 silly tarball no local data for utils-merge@https://registry.npmjs.org/utils-merge/-/utils-merge-1.0.1.tgz. Extracting by manifest.
672 silly tarball no local data for type-is@https://registry.npmjs.org/type-is/-/type-is-1.6.18.tgz. Extracting by manifest.
673 silly tarball no local data for statuses@https://registry.npmjs.org/statuses/-/statuses-2.0.1.tgz. Extracting by manifest.
674 silly tarball no local data for setprototypeof@https://registry.npmjs.org/setprototypeof/-/setprototypeof-1.2.0.tgz. Extracting by manifest.
675 silly tarball no local data for serve-static@https://registry.npmjs.org/serve-static/-/serve-static-1.16.2.tgz. Extracting by manifest.
676 silly tarball no local data for send@https://registry.npmjs.org/send/-/send-0.19.0.tgz. Extracting by manifest.
677 silly tarball no local data for safe-buffer@https://registry.npmjs.org/safe-buffer/-/safe-buffer-5.2.1.tgz. Extracting by manifest.
678 silly tarball no local data for range-parser@https://registry.npmjs.org/range-parser/-/range-parser-1.2.1.tgz. Extracting by manifest.
679 silly tarball no local data for qs@https://registry.npmjs.org/qs/-/qs-6.13.0.tgz. Extracting by manifest.
680 silly tarball no local data for path-to-regexp@https://registry.npmjs.org/path-to-regexp/-/path-to-regexp-0.1.12.tgz. Extracting by manifest.
681 silly tarball no local data for proxy-addr@https://registry.npmjs.org/proxy-addr/-/proxy-addr-2.0.7.tgz. Extracting by manifest.
682 silly tarball no local data for parseurl@https://registry.npmjs.org/parseurl/-/parseurl-1.3.3.tgz. Extracting by manifest.
683 silly tarball no local data for on-finished@https://registry.npmjs.org/on-finished/-/on-finished-2.4.1.tgz. Extracting by manifest.
684 silly tarball no local data for methods@https://registry.npmjs.org/methods/-/methods-1.1.2.tgz. Extracting by manifest.
685 silly tarball no local data for merge-descriptors@https://registry.npmjs.org/merge-descriptors/-/merge-descriptors-1.0.3.tgz. Extracting by manifest.
686 silly tarball no local data for fresh@https://registry.npmjs.org/fresh/-/fresh-0.5.2.tgz. Extracting by manifest.
687 silly tarball no local data for finalhandler@https://registry.npmjs.org/finalhandler/-/finalhandler-1.3.1.tgz. Extracting by manifest.
688 silly tarball no local data for etag@https://registry.npmjs.org/etag/-/etag-1.8.1.tgz. Extracting by manifest.
689 silly tarball no local data for escape-html@https://registry.npmjs.org/escape-html/-/escape-html-1.0.3.tgz. Extracting by manifest.
690 silly tarball no local data for encodeurl@https://registry.npmjs.org/encodeurl/-/encodeurl-2.0.0.tgz. Extracting by manifest.
691 silly tarball no local data for depd@https://registry.npmjs.org/depd/-/depd-2.0.0.tgz. Extracting by manifest.
692 silly tarball no local data for debug@https://registry.npmjs.org/debug/-/debug-2.6.9.tgz. Extracting by manifest.
693 silly tarball no local data for cookie-signature@https://registry.npmjs.org/cookie-signature/-/cookie-signature-1.0.6.tgz. Extracting by manifest.
694 silly tarball no local data for http-errors@https://registry.npmjs.org/http-errors/-/http-errors-2.0.0.tgz. Extracting by manifest.
695 silly tarball no local data for cookie@https://registry.npmjs.org/cookie/-/cookie-0.7.1.tgz. Extracting by manifest.
696 silly tarball no local data for content-type@https://registry.npmjs.org/content-type/-/content-type-1.0.5.tgz. Extracting by manifest.
697 silly tarball no local data for content-disposition@https://registry.npmjs.org/content-disposition/-/content-disposition-0.5.4.tgz. Extracting by manifest.
698 silly tarball no local data for body-parser@https://registry.npmjs.org/body-parser/-/body-parser-1.20.3.tgz. Extracting by manifest.
699 silly tarball no local data for accepts@https://registry.npmjs.org/accepts/-/accepts-1.3.8.tgz. Extracting by manifest.
700 silly tarball no local data for array-flatten@https://registry.npmjs.org/array-flatten/-/array-flatten-1.1.1.tgz. Extracting by manifest.
701 silly tarball no local data for vary@https://registry.npmjs.org/vary/-/vary-1.1.2.tgz. Extracting by manifest.
702 silly tarball no local data for object-assign@https://registry.npmjs.org/object-assign/-/object-assign-4.1.1.tgz. Extracting by manifest.
703 silly tarball no local data for undici-types@https://registry.npmjs.org/undici-types/-/undici-types-6.21.0.tgz. Extracting by manifest.
704 silly tarball no local data for @types/http-errors@https://registry.npmjs.org/@types/http-errors/-/http-errors-2.0.5.tgz. Extracting by manifest.
705 silly tarball no local data for @types/send@https://registry.npmjs.org/@types/send/-/send-1.2.0.tgz. Extracting by manifest.
706 silly tarball no local data for @types/connect@https://registry.npmjs.org/@types/connect/-/connect-3.4.38.tgz. Extracting by manifest.
707 silly tarball no local data for @types/range-parser@https://registry.npmjs.org/@types/range-parser/-/range-parser-1.2.7.tgz. Extracting by manifest.
708 silly tarball no local data for @types/serve-static@https://registry.npmjs.org/@types/serve-static/-/serve-static-1.15.9.tgz. Extracting by manifest.
709 silly tarball no local data for @types/qs@https://registry.npmjs.org/@types/qs/-/qs-6.14.0.tgz. Extracting by manifest.
710 silly tarball no local data for @types/express-serve-static-core@https://registry.npmjs.org/@types/express-serve-static-core/-/express-serve-static-core-4.19.7.tgz. Extracting by manifest.
711 silly tarball no local data for @types/body-parser@https://registry.npmjs.org/@types/body-parser/-/body-parser-1.19.6.tgz. Extracting by manifest.
712 silly tarball no local data for ts-node@https://registry.npmjs.org/ts-node/-/ts-node-10.9.2.tgz. Extracting by manifest.
713 silly tarball no local data for typescript@https://registry.npmjs.org/typescript/-/typescript-5.4.5.tgz. Extracting by manifest.
714 silly tarball no local data for morgan@https://registry.npmjs.org/morgan/-/morgan-1.10.1.tgz. Extracting by manifest.
715 silly tarball no local data for cors@https://registry.npmjs.org/cors/-/cors-2.8.5.tgz. Extracting by manifest.
716 silly tarball no local data for express@https://registry.npmjs.org/express/-/express-4.21.2.tgz. Extracting by manifest.
717 silly tarball no local data for @types/node@https://registry.npmjs.org/@types/node/-/node-20.19.23.tgz. Extracting by manifest.
718 silly tarball no local data for @types/morgan@https://registry.npmjs.org/@types/morgan/-/morgan-1.9.10.tgz. Extracting by manifest.
719 silly tarball no local data for @types/cors@https://registry.npmjs.org/@types/cors/-/cors-2.8.19.tgz. Extracting by manifest.
720 silly tarball no local data for safe-buffer@https://registry.npmjs.org/safe-buffer/-/safe-buffer-5.1.2.tgz. Extracting by manifest.
721 silly tarball no local data for @types/express@https://registry.npmjs.org/@types/express/-/express-4.17.23.tgz. Extracting by manifest.
722 silly tarball no local data for ms@https://registry.npmjs.org/ms/-/ms-2.1.3.tgz. Extracting by manifest.
723 silly tarball no local data for encodeurl@https://registry.npmjs.org/encodeurl/-/encodeurl-1.0.2.tgz. Extracting by manifest.
724 silly tarball no local data for @types/send@https://registry.npmjs.org/@types/send/-/send-0.17.5.tgz. Extracting by manifest.
725 silly tarball no local data for on-finished@https://registry.npmjs.org/on-finished/-/on-finished-2.3.0.tgz. Extracting by manifest.
726 http fetch GET 200 https://registry.npmjs.org/yn/-/yn-3.1.1.tgz 198ms (cache miss)
727 http fetch GET 200 https://registry.npmjs.org/v8-compile-cache-lib/-/v8-compile-cache-lib-3.0.1.tgz 212ms (cache miss)
728 http fetch GET 200 https://registry.npmjs.org/@types/mime/-/mime-1.3.5.tgz 220ms (cache miss)
729 http fetch GET 200 https://registry.npmjs.org/media-typer/-/media-typer-0.3.0.tgz 273ms (cache miss)
730 http fetch GET 200 https://registry.npmjs.org/@jridgewell/resolve-uri/-/resolve-uri-3.1.2.tgz 272ms (cache miss)
731 http fetch GET 200 https://registry.npmjs.org/@jridgewell/sourcemap-codec/-/sourcemap-codec-1.5.5.tgz 296ms (cache miss)
732 http fetch GET 200 https://registry.npmjs.org/@jridgewell/trace-mapping/-/trace-mapping-0.3.9.tgz 353ms (cache miss)
733 http fetch GET 200 https://registry.npmjs.org/@tsconfig/node12/-/node12-1.0.11.tgz 367ms (cache miss)
734 http fetch GET 200 https://registry.npmjs.org/math-intrinsics/-/math-intrinsics-1.1.0.tgz 469ms (cache miss)
735 http fetch GET 200 https://registry.npmjs.org/dunder-proto/-/dunder-proto-1.0.1.tgz 469ms (cache miss)
736 http fetch GET 200 https://registry.npmjs.org/@tsconfig/node10/-/node10-1.0.11.tgz 470ms (cache miss)
737 http fetch GET 200 https://registry.npmjs.org/@cspotcode/source-map-support/-/source-map-support-0.8.1.tgz 475ms (cache miss)
738 http fetch GET 200 https://registry.npmjs.org/has-symbols/-/has-symbols-1.1.0.tgz 473ms (cache miss)
739 http fetch GET 200 https://registry.npmjs.org/hasown/-/hasown-2.0.2.tgz 500ms (cache miss)
740 http fetch GET 200 https://registry.npmjs.org/gopd/-/gopd-1.2.0.tgz 533ms (cache miss)
741 http fetch GET 200 https://registry.npmjs.org/es-object-atoms/-/es-object-atoms-1.1.1.tgz 590ms (cache miss)
742 http fetch GET 200 https://registry.npmjs.org/es-define-property/-/es-define-property-1.0.1.tgz 612ms (cache miss)
743 http fetch GET 200 https://registry.npmjs.org/function-bind/-/function-bind-1.1.2.tgz 614ms (cache miss)
744 http fetch GET 200 https://registry.npmjs.org/call-bind-apply-helpers/-/call-bind-apply-helpers-1.0.2.tgz 617ms (cache miss)
745 http fetch GET 200 https://registry.npmjs.org/get-intrinsic/-/get-intrinsic-1.3.0.tgz 666ms (cache miss)
746 http fetch GET 200 https://registry.npmjs.org/call-bound/-/call-bound-1.0.4.tgz 791ms (cache miss)
747 http fetch GET 200 https://registry.npmjs.org/make-error/-/make-error-1.3.6.tgz 799ms (cache miss)
748 http fetch GET 200 https://registry.npmjs.org/side-channel-weakmap/-/side-channel-weakmap-1.0.2.tgz 792ms (cache miss)
749 http fetch GET 200 https://registry.npmjs.org/get-proto/-/get-proto-1.0.1.tgz 794ms (cache miss)
750 http fetch GET 200 https://registry.npmjs.org/side-channel-map/-/side-channel-map-1.0.1.tgz 791ms (cache miss)
751 http fetch GET 200 https://registry.npmjs.org/side-channel-list/-/side-channel-list-1.0.0.tgz 791ms (cache miss)
752 http fetch GET 200 https://registry.npmjs.org/acorn-walk/-/acorn-walk-8.3.4.tgz 802ms (cache miss)
753 http fetch GET 200 https://registry.npmjs.org/arg/-/arg-4.1.3.tgz 803ms (cache miss)
754 http fetch GET 200 https://registry.npmjs.org/es-errors/-/es-errors-1.3.0.tgz 814ms (cache miss)
755 http fetch GET 200 https://registry.npmjs.org/create-require/-/create-require-1.1.1.tgz 839ms (cache miss)
756 http fetch GET 200 https://registry.npmjs.org/@tsconfig/node14/-/node14-1.0.3.tgz 875ms (cache miss)
757 http fetch GET 200 https://registry.npmjs.org/mime/-/mime-1.6.0.tgz 869ms (cache miss)
758 http fetch GET 200 https://registry.npmjs.org/forwarded/-/forwarded-0.2.0.tgz 892ms (cache miss)
759 http fetch GET 200 https://registry.npmjs.org/ee-first/-/ee-first-1.1.1.tgz 901ms (cache miss)
760 http fetch GET 200 https://registry.npmjs.org/side-channel/-/side-channel-1.1.0.tgz 908ms (cache miss)
761 http fetch GET 200 https://registry.npmjs.org/on-headers/-/on-headers-1.1.0.tgz 938ms (cache miss)
762 http fetch GET 200 https://registry.npmjs.org/basic-auth/-/basic-auth-2.0.1.tgz 942ms (cache miss)
763 http fetch GET 200 https://registry.npmjs.org/object-inspect/-/object-inspect-1.13.4.tgz 959ms (cache miss)
764 http fetch GET 200 https://registry.npmjs.org/@tsconfig/node16/-/node16-1.0.4.tgz 968ms (cache miss)
765 http fetch GET 200 https://registry.npmjs.org/safer-buffer/-/safer-buffer-2.1.2.tgz 968ms (cache miss)
766 http fetch GET 200 https://registry.npmjs.org/toidentifier/-/toidentifier-1.0.1.tgz 985ms (cache miss)
767 http fetch GET 200 https://registry.npmjs.org/inherits/-/inherits-2.0.4.tgz 1015ms (cache miss)
768 http fetch GET 200 https://registry.npmjs.org/ms/-/ms-2.0.0.tgz 1016ms (cache miss)
769 http fetch GET 200 https://registry.npmjs.org/mime-db/-/mime-db-1.52.0.tgz 1017ms (cache miss)
770 http fetch GET 200 https://registry.npmjs.org/unpipe/-/unpipe-1.0.0.tgz 1018ms (cache miss)
771 http fetch GET 200 https://registry.npmjs.org/raw-body/-/raw-body-2.5.2.tgz 1039ms (cache miss)
772 http fetch GET 200 https://registry.npmjs.org/bytes/-/bytes-3.1.2.tgz 1062ms (cache miss)
773 http fetch GET 200 https://registry.npmjs.org/negotiator/-/negotiator-0.6.3.tgz 1088ms (cache miss)
774 http fetch GET 200 https://registry.npmjs.org/destroy/-/destroy-1.2.0.tgz 1088ms (cache miss)
775 http fetch GET 200 https://registry.npmjs.org/ipaddr.js/-/ipaddr.js-1.9.1.tgz 1094ms (cache miss)
776 http fetch GET 200 https://registry.npmjs.org/utils-merge/-/utils-merge-1.0.1.tgz 1097ms (cache miss)
777 http fetch GET 200 https://registry.npmjs.org/mime-types/-/mime-types-2.1.35.tgz 1101ms (cache miss)
778 http fetch GET 200 https://registry.npmjs.org/diff/-/diff-4.0.2.tgz 1136ms (cache miss)
779 http fetch GET 200 https://registry.npmjs.org/setprototypeof/-/setprototypeof-1.2.0.tgz 1142ms (cache miss)
780 http fetch GET 200 https://registry.npmjs.org/type-is/-/type-is-1.6.18.tgz 1144ms (cache miss)
781 http fetch GET 200 https://registry.npmjs.org/send/-/send-0.19.0.tgz 1172ms (cache miss)
782 http fetch GET 200 https://registry.npmjs.org/statuses/-/statuses-2.0.1.tgz 1176ms (cache miss)
783 http fetch GET 200 https://registry.npmjs.org/safe-buffer/-/safe-buffer-5.2.1.tgz 1172ms (cache miss)
784 http fetch GET 200 https://registry.npmjs.org/serve-static/-/serve-static-1.16.2.tgz 1173ms (cache miss)
785 http fetch GET 200 https://registry.npmjs.org/range-parser/-/range-parser-1.2.1.tgz 1198ms (cache miss)
786 http fetch GET 200 https://registry.npmjs.org/path-to-regexp/-/path-to-regexp-0.1.12.tgz 1225ms (cache miss)
787 http fetch GET 200 https://registry.npmjs.org/parseurl/-/parseurl-1.3.3.tgz 1241ms (cache miss)
788 http fetch GET 200 https://registry.npmjs.org/acorn/-/acorn-8.15.0.tgz 1278ms (cache miss)
789 http fetch GET 200 https://registry.npmjs.org/on-finished/-/on-finished-2.4.1.tgz 1260ms (cache miss)
790 http fetch GET 200 https://registry.npmjs.org/methods/-/methods-1.1.2.tgz 1264ms (cache miss)
791 http fetch GET 200 https://registry.npmjs.org/merge-descriptors/-/merge-descriptors-1.0.3.tgz 1313ms (cache miss)
792 http fetch GET 200 https://registry.npmjs.org/etag/-/etag-1.8.1.tgz 1327ms (cache miss)
793 http fetch GET 200 https://registry.npmjs.org/fresh/-/fresh-0.5.2.tgz 1327ms (cache miss)
794 http fetch GET 200 https://registry.npmjs.org/proxy-addr/-/proxy-addr-2.0.7.tgz 1329ms (cache miss)
795 http fetch GET 200 https://registry.npmjs.org/escape-html/-/escape-html-1.0.3.tgz 1336ms (cache miss)
796 http fetch GET 200 https://registry.npmjs.org/encodeurl/-/encodeurl-2.0.0.tgz 1354ms (cache miss)
797 http fetch GET 200 https://registry.npmjs.org/finalhandler/-/finalhandler-1.3.1.tgz 1367ms (cache miss)
798 http fetch GET 200 https://registry.npmjs.org/cookie-signature/-/cookie-signature-1.0.6.tgz 1392ms (cache miss)
799 http fetch GET 200 https://registry.npmjs.org/content-type/-/content-type-1.0.5.tgz 1416ms (cache miss)
800 http fetch GET 200 https://registry.npmjs.org/depd/-/depd-2.0.0.tgz 1430ms (cache miss)
801 http fetch GET 200 https://registry.npmjs.org/debug/-/debug-2.6.9.tgz 1430ms (cache miss)
802 http fetch GET 200 https://registry.npmjs.org/content-disposition/-/content-disposition-0.5.4.tgz 1477ms (cache miss)
803 http fetch GET 200 https://registry.npmjs.org/iconv-lite/-/iconv-lite-0.4.24.tgz 1488ms (cache miss)
804 http fetch GET 200 https://registry.npmjs.org/cookie/-/cookie-0.7.1.tgz 1478ms (cache miss)
805 http fetch GET 200 https://registry.npmjs.org/vary/-/vary-1.1.2.tgz 1489ms (cache miss)
806 http fetch GET 200 https://registry.npmjs.org/object-assign/-/object-assign-4.1.1.tgz 1506ms (cache miss)
807 http fetch GET 200 https://registry.npmjs.org/accepts/-/accepts-1.3.8.tgz 1515ms (cache miss)
808 http fetch GET 200 https://registry.npmjs.org/array-flatten/-/array-flatten-1.1.1.tgz 1524ms (cache miss)
809 http fetch GET 200 https://registry.npmjs.org/qs/-/qs-6.13.0.tgz 1541ms (cache miss)
810 http fetch GET 200 https://registry.npmjs.org/undici-types/-/undici-types-6.21.0.tgz 1541ms (cache miss)
811 http fetch GET 200 https://registry.npmjs.org/http-errors/-/http-errors-2.0.0.tgz 1564ms (cache miss)
812 http fetch GET 200 https://registry.npmjs.org/body-parser/-/body-parser-1.20.3.tgz 1575ms (cache miss)
813 http fetch GET 200 https://registry.npmjs.org/@types/range-parser/-/range-parser-1.2.7.tgz 1585ms (cache miss)
814 http fetch GET 200 https://registry.npmjs.org/@types/connect/-/connect-3.4.38.tgz 1602ms (cache miss)
815 http fetch GET 200 https://registry.npmjs.org/@types/send/-/send-1.2.0.tgz 1602ms (cache miss)
816 http fetch GET 200 https://registry.npmjs.org/@types/qs/-/qs-6.14.0.tgz 1624ms (cache miss)
817 http fetch GET 200 https://registry.npmjs.org/@types/serve-static/-/serve-static-1.15.9.tgz 1658ms (cache miss)
818 http fetch GET 200 https://registry.npmjs.org/@types/http-errors/-/http-errors-2.0.5.tgz 1685ms (cache miss)
819 http fetch GET 200 https://registry.npmjs.org/cors/-/cors-2.8.5.tgz 1712ms (cache miss)
820 http fetch GET 200 https://registry.npmjs.org/@types/body-parser/-/body-parser-1.19.6.tgz 1733ms (cache miss)
821 http fetch GET 200 https://registry.npmjs.org/@types/cors/-/cors-2.8.19.tgz 1741ms (cache miss)
822 http fetch GET 200 https://registry.npmjs.org/safe-buffer/-/safe-buffer-5.1.2.tgz 1762ms (cache miss)
823 http fetch GET 200 https://registry.npmjs.org/@types/morgan/-/morgan-1.9.10.tgz 1763ms (cache miss)
824 http fetch GET 200 https://registry.npmjs.org/ms/-/ms-2.1.3.tgz 1762ms (cache miss)
825 http fetch GET 200 https://registry.npmjs.org/@types/express/-/express-4.17.23.tgz 1778ms (cache miss)
826 http fetch GET 200 https://registry.npmjs.org/express/-/express-4.21.2.tgz 1790ms (cache miss)
827 http fetch GET 200 https://registry.npmjs.org/@types/express-serve-static-core/-/express-serve-static-core-4.19.7.tgz 1800ms (cache miss)
828 http fetch GET 200 https://registry.npmjs.org/encodeurl/-/encodeurl-1.0.2.tgz 1795ms (cache miss)
829 http fetch GET 200 https://registry.npmjs.org/@types/send/-/send-0.17.5.tgz 1808ms (cache miss)
830 http fetch GET 200 https://registry.npmjs.org/morgan/-/morgan-1.10.1.tgz 1852ms (cache miss)
831 http fetch GET 200 https://registry.npmjs.org/on-finished/-/on-finished-2.3.0.tgz 1836ms (cache miss)
832 http fetch GET 200 https://registry.npmjs.org/ts-node/-/ts-node-10.9.2.tgz 1990ms (cache miss)
833 http fetch GET 200 https://registry.npmjs.org/@types/node/-/node-20.19.23.tgz 2743ms (cache miss)
834 http fetch GET 200 https://registry.npmjs.org/typescript/-/typescript-5.4.5.tgz 3618ms (cache miss)
835 silly ADD node_modules/@types/mime
836 silly ADD node_modules/media-typer
837 silly ADD node_modules/@jridgewell/sourcemap-codec
838 silly ADD node_modules/@jridgewell/resolve-uri
839 silly ADD node_modules/@jridgewell/trace-mapping
840 silly ADD node_modules/yn
841 silly ADD node_modules/v8-compile-cache-lib
842 silly ADD node_modules/make-error
843 silly ADD node_modules/diff
844 silly ADD node_modules/create-require
845 silly ADD node_modules/arg
846 silly ADD node_modules/acorn-walk
847 silly ADD node_modules/acorn
848 silly ADD node_modules/@tsconfig/node16
849 silly ADD node_modules/@tsconfig/node14
850 silly ADD node_modules/@tsconfig/node12
851 silly ADD node_modules/@tsconfig/node10
852 silly ADD node_modules/@cspotcode/source-map-support
853 silly ADD node_modules/dunder-proto
854 silly ADD node_modules/math-intrinsics
855 silly ADD node_modules/hasown
856 silly ADD node_modules/has-symbols
857 silly ADD node_modules/gopd
858 silly ADD node_modules/get-proto
859 silly ADD node_modules/es-object-atoms
860 silly ADD node_modules/es-define-property
861 silly ADD node_modules/function-bind
862 silly ADD node_modules/call-bind-apply-helpers
863 silly ADD node_modules/get-intrinsic
864 silly ADD node_modules/call-bound
865 silly ADD node_modules/side-channel-weakmap
866 silly ADD node_modules/side-channel-map
867 silly ADD node_modules/side-channel-list
868 silly ADD node_modules/object-inspect
869 silly ADD node_modules/es-errors
870 silly ADD node_modules/mime
871 silly ADD node_modules/side-channel
872 silly ADD node_modules/ipaddr.js
873 silly ADD node_modules/forwarded
874 silly ADD node_modules/ee-first
875 silly ADD node_modules/on-headers
876 silly ADD node_modules/basic-auth
877 silly ADD node_modules/basic-auth/node_modules/safe-buffer
878 silly ADD node_modules/mime-db
879 silly ADD node_modules/safer-buffer
880 silly ADD node_modules/toidentifier
881 silly ADD node_modules/inherits
882 silly ADD node_modules/ms
883 silly ADD node_modules/unpipe
884 silly ADD node_modules/raw-body
885 silly ADD node_modules/iconv-lite
886 silly ADD node_modules/destroy
887 silly ADD node_modules/bytes
888 silly ADD node_modules/negotiator
889 silly ADD node_modules/mime-types
890 silly ADD node_modules/utils-merge
891 silly ADD node_modules/type-is
892 silly ADD node_modules/statuses
893 silly ADD node_modules/setprototypeof
894 silly ADD node_modules/serve-static
895 silly ADD node_modules/send
896 silly ADD node_modules/send/node_modules/ms
897 silly ADD node_modules/send/node_modules/encodeurl
898 silly ADD node_modules/safe-buffer
899 silly ADD node_modules/range-parser
900 silly ADD node_modules/qs
901 silly ADD node_modules/proxy-addr
902 silly ADD node_modules/path-to-regexp
903 silly ADD node_modules/parseurl
904 silly ADD node_modules/on-finished
905 silly ADD node_modules/methods
906 silly ADD node_modules/merge-descriptors
907 silly ADD node_modules/http-errors
908 silly ADD node_modules/fresh
909 silly ADD node_modules/finalhandler
910 silly ADD node_modules/etag
911 silly ADD node_modules/escape-html
912 silly ADD node_modules/encodeurl
913 silly ADD node_modules/depd
914 silly ADD node_modules/debug
915 silly ADD node_modules/cookie-signature
916 silly ADD node_modules/cookie
917 silly ADD node_modules/content-type
918 silly ADD node_modules/content-disposition
919 silly ADD node_modules/body-parser
920 silly ADD node_modules/array-flatten
921 silly ADD node_modules/accepts
922 silly ADD node_modules/vary
923 silly ADD node_modules/object-assign
924 silly ADD node_modules/@types/http-errors
925 silly ADD node_modules/undici-types
926 silly ADD node_modules/@types/send
927 silly ADD node_modules/@types/range-parser
928 silly ADD node_modules/@types/connect
929 silly ADD node_modules/@types/serve-static
930 silly ADD node_modules/@types/serve-static/node_modules/@types/send
931 silly ADD node_modules/@types/qs
932 silly ADD node_modules/@types/express-serve-static-core
933 silly ADD node_modules/@types/body-parser
934 silly ADD node_modules/typescript
935 silly ADD node_modules/ts-node
936 silly ADD node_modules/morgan
937 silly ADD node_modules/morgan/node_modules/on-finished
938 silly ADD node_modules/express
939 silly ADD node_modules/cors
940 silly ADD node_modules/@types/node
941 silly ADD node_modules/@types/morgan
942 silly ADD node_modules/@types/express
943 silly ADD node_modules/@types/cors
944 verbose cwd /Users/a58/VSCODE/vscode/server/newma-ai-backend
945 verbose os Darwin 24.6.0
946 verbose node v20.18.0
947 verbose npm  v10.8.2
948 notice
948 notice New major version of npm available! 10.8.2 -> 11.6.2
948 notice Changelog: https://github.com/npm/cli/releases/tag/v11.6.2
948 notice To update run: npm install -g npm@11.6.2
948 notice  { force: true, [Symbol(proc-log.meta)]: true }
949 verbose exit 0
950 info ok
